<?xml version="1.0" encoding="UTF-8"?>
<!-- Generated by org.testng.reporters.JUnitXMLReporter -->
<testsuite ignored="0" hostname="Ajay-vivobook" failures="0" tests="4" name="Surefire test" time="3.288" errors="0" timestamp="2025-05-04T11:57:29 IST">
  <testcase classname="com.ajay.api.tests.UserTests" name="testGetUsers" time="1.235"/>
  <testcase classname="com.ajay.api.tests.UserTests" name="testAddUser" time="0.532"/>
  <testcase classname="com.ajay.api.tests.UserTests" name="testUpdateUser" time="0.41"/>
  <testcase classname="com.ajay.api.tests.UserTests" name="testDeleteUser" time="0.408"/>
</testsuite> <!-- Surefire test -->
