<?xml version="1.0" encoding="UTF-8"?>
<testng-results ignored="0" total="4" passed="4" failed="0" skipped="0">
  <reporter-output>
  </reporter-output>
  <suite started-at="2025-05-04T11:57:26 IST" name="Surefire suite" finished-at="2025-05-04T11:57:29 IST" duration-ms="3288">
    <groups>
    </groups>
    <test started-at="2025-05-04T11:57:26 IST" name="Surefire test" finished-at="2025-05-04T11:57:29 IST" duration-ms="3288">
      <class name="com.ajay.api.tests.UserTests">
        <test-method is-config="true" signature="setupReport()[pri:0, instance:com.ajay.api.tests.UserTests@37858383]" started-at="2025-05-04T11:57:25 IST" name="setupReport" finished-at="2025-05-04T11:57:26 IST" duration-ms="187" status="PASS">
          <reporter-output>
          </reporter-output>
        </test-method> <!-- setupReport -->
        <test-method is-config="true" signature="setupBaseURI()[pri:0, instance:com.ajay.api.tests.UserTests@37858383]" started-at="2025-05-04T11:57:26 IST" name="setupBaseURI" finished-at="2025-05-04T11:57:26 IST" duration-ms="328" status="PASS">
          <reporter-output>
          </reporter-output>
        </test-method> <!-- setupBaseURI -->
        <test-method signature="testGetUsers()[pri:1, instance:com.ajay.api.tests.UserTests@37858383]" started-at="2025-05-04T11:57:26 IST" name="testGetUsers" finished-at="2025-05-04T11:57:27 IST" duration-ms="1235" status="PASS">
          <reporter-output>
          </reporter-output>
        </test-method> <!-- testGetUsers -->
        <test-method is-config="true" signature="flushReport()[pri:0, instance:com.ajay.api.tests.UserTests@37858383]" started-at="2025-05-04T11:57:27 IST" name="flushReport" finished-at="2025-05-04T11:57:27 IST" duration-ms="297" status="PASS">
          <reporter-output>
          </reporter-output>
        </test-method> <!-- flushReport -->
        <test-method signature="testAddUser()[pri:2, instance:com.ajay.api.tests.UserTests@37858383]" started-at="2025-05-04T11:57:27 IST" name="testAddUser" finished-at="2025-05-04T11:57:28 IST" duration-ms="532" status="PASS">
          <reporter-output>
          </reporter-output>
        </test-method> <!-- testAddUser -->
        <test-method is-config="true" signature="flushReport()[pri:0, instance:com.ajay.api.tests.UserTests@37858383]" started-at="2025-05-04T11:57:28 IST" name="flushReport" finished-at="2025-05-04T11:57:28 IST" duration-ms="0" status="PASS">
          <reporter-output>
          </reporter-output>
        </test-method> <!-- flushReport -->
        <test-method signature="testUpdateUser()[pri:3, instance:com.ajay.api.tests.UserTests@37858383]" started-at="2025-05-04T11:57:28 IST" name="testUpdateUser" finished-at="2025-05-04T11:57:28 IST" duration-ms="410" status="PASS">
          <reporter-output>
          </reporter-output>
        </test-method> <!-- testUpdateUser -->
        <test-method is-config="true" signature="flushReport()[pri:0, instance:com.ajay.api.tests.UserTests@37858383]" started-at="2025-05-04T11:57:28 IST" name="flushReport" finished-at="2025-05-04T11:57:28 IST" duration-ms="15" status="PASS">
          <reporter-output>
          </reporter-output>
        </test-method> <!-- flushReport -->
        <test-method signature="testDeleteUser()[pri:4, instance:com.ajay.api.tests.UserTests@37858383]" started-at="2025-05-04T11:57:28 IST" name="testDeleteUser" finished-at="2025-05-04T11:57:29 IST" duration-ms="408" status="PASS">
          <reporter-output>
          </reporter-output>
        </test-method> <!-- testDeleteUser -->
        <test-method is-config="true" signature="flushReport()[pri:0, instance:com.ajay.api.tests.UserTests@37858383]" started-at="2025-05-04T11:57:29 IST" name="flushReport" finished-at="2025-05-04T11:57:29 IST" duration-ms="15" status="PASS">
          <reporter-output>
          </reporter-output>
        </test-method> <!-- flushReport -->
        <test-method is-config="true" signature="closeReport()[pri:0, instance:com.ajay.api.tests.UserTests@37858383]" started-at="2025-05-04T11:57:29 IST" name="closeReport" finished-at="2025-05-04T11:57:29 IST" duration-ms="0" status="PASS">
          <reporter-output>
          </reporter-output>
        </test-method> <!-- closeReport -->
      </class> <!-- com.ajay.api.tests.UserTests -->
    </test> <!-- Surefire test -->
  </suite> <!-- Surefire suite -->
</testng-results>
